<?xml version="1.0" encoding="UTF-8"?>
<testsuite xmlns:xsi="http://www.w3.org/2001/XMLSchema-instance" xsi:noNamespaceSchemaLocation="https://maven.apache.org/surefire/maven-surefire-plugin/xsd/surefire-test-report.xsd" version="3.0.2" name="com.yangdesigner.yangmodeldesigner.parser.YangParserTest" time="0.054" tests="3" errors="0" skipped="0" failures="0">
  <properties>
[...]
</properties>
  <testcase name="parsesModuleTreeAndLeafMetadata" classname="com.yangdesigner.yangmodeldesigner.parser.YangParserTest" time="0.026"/>
  <testcase name="parsesListKeyAsConstraint" classname="com.yangdesigner.yangmodeldesigner.parser.YangParserTest" time="0.001"/>
  <testcase name="parsesAdditionalYang11Statements" classname="com.yangdesigner.yangmodeldesigner.parser.YangParserTest" time="0.002"/>
</testsuite>